Determining if the pthread_create exist failed with the following output:
Change Dir: /usr/workspaces/wallE_ws/build/CMakeFiles/CMakeTmp

Run Build Command:"/usr/bin/make" "cmTC_86bad/fast"
/usr/bin/make -f CMakeFiles/cmTC_86bad.dir/build.make CMakeFiles/cmTC_86bad.dir/build
make[1]: Entering directory '/usr/workspaces/wallE_ws/build/CMakeFiles/CMakeTmp'
Building C object CMakeFiles/cmTC_86bad.dir/CheckSymbolExists.c.o
/usr/bin/cc     -o CMakeFiles/cmTC_86bad.dir/CheckSymbolExists.c.o   -c /usr/workspaces/wallE_ws/build/CMakeFiles/CMakeTmp/CheckSymbolExists.c
Linking C executable cmTC_86bad
/usr/bin/cmake -E cmake_link_script CMakeFiles/cmTC_86bad.dir/link.txt --verbose=1
/usr/bin/cc       CMakeFiles/cmTC_86bad.dir/CheckSymbolExists.c.o  -o cmTC_86bad -rdynamic 
CMakeFiles/cmTC_86bad.dir/CheckSymbolExists.c.o: In function `main':
CheckSymbolExists.c:(.text+0x16): undefined reference to `pthread_create'
collect2: error: ld returned 1 exit status
CMakeFiles/cmTC_86bad.dir/build.make:97: recipe for target 'cmTC_86bad' failed
make[1]: *** [cmTC_86bad] Error 1
make[1]: Leaving directory '/usr/workspaces/wallE_ws/build/CMakeFiles/CMakeTmp'
Makefile:126: recipe for target 'cmTC_86bad/fast' failed
make: *** [cmTC_86bad/fast] Error 2

File /usr/workspaces/wallE_ws/build/CMakeFiles/CMakeTmp/CheckSymbolExists.c:
/* */
#include <pthread.h>

int main(int argc, char** argv)
{
  (void)argv;
#ifndef pthread_create
  return ((int*)(&pthread_create))[argc];
#else
  (void)argc;
  return 0;
#endif
}

Determining if the function pthread_create exists in the pthreads failed with the following output:
Change Dir: /usr/workspaces/wallE_ws/build/CMakeFiles/CMakeTmp

Run Build Command:"/usr/bin/make" "cmTC_883ae/fast"
/usr/bin/make -f CMakeFiles/cmTC_883ae.dir/build.make CMakeFiles/cmTC_883ae.dir/build
make[1]: Entering directory '/usr/workspaces/wallE_ws/build/CMakeFiles/CMakeTmp'
Building C object CMakeFiles/cmTC_883ae.dir/CheckFunctionExists.c.o
/usr/bin/cc    -DCHECK_FUNCTION_EXISTS=pthread_create   -o CMakeFiles/cmTC_883ae.dir/CheckFunctionExists.c.o   -c /usr/share/cmake-3.5/Modules/CheckFunctionExists.c
Linking C executable cmTC_883ae
/usr/bin/cmake -E cmake_link_script CMakeFiles/cmTC_883ae.dir/link.txt --verbose=1
/usr/bin/cc   -DCHECK_FUNCTION_EXISTS=pthread_create    CMakeFiles/cmTC_883ae.dir/CheckFunctionExists.c.o  -o cmTC_883ae -rdynamic -lpthreads 
/usr/bin/ld: cannot find -lpthreads
collect2: error: ld returned 1 exit status
CMakeFiles/cmTC_883ae.dir/build.make:97: recipe for target 'cmTC_883ae' failed
make[1]: *** [cmTC_883ae] Error 1
make[1]: Leaving directory '/usr/workspaces/wallE_ws/build/CMakeFiles/CMakeTmp'
Makefile:126: recipe for target 'cmTC_883ae/fast' failed
make: *** [cmTC_883ae/fast] Error 2


